app/build/intermediates/manifest_merge_blame_file/release/processReleaseMainManifest/manifest-merger-blame-release-report.txt
1<?xml version="1.0" encoding="utf-8"?>
2<manifest xmlns:android="http://schemas.android.com/apk/res/android"
3    package="com.example.relatoriomanutencao"
4    android:versionCode="4"
5    android:versionName="1.3" >
6
7    <uses-sdk
8        android:minSdkVersion="26"
9        android:targetSdkVersion="36" />
10
11    <uses-permission android:name="android.permission.INTERNET" />
11-->src\main\AndroidManifest.xml:5:5-67
11-->src\main\AndroidManifest.xml:5:22-64
12    <uses-permission android:name="android.permission.ACCESS_NETWORK_STATE" />
12-->src\main\AndroidManifest.xml:6:5-79
12-->src\main\AndroidManifest.xml:6:22-76
13    <uses-permission android:name="android.permission.WAKE_LOCK" />
13-->[androidx.work:work-runtime:2.7.1] AndroidManifest.xml:25:5-68
13-->[androidx.work:work-runtime:2.7.1] AndroidManifest.xml:25:22-65
14    <uses-permission android:name="android.permission.RECEIVE_BOOT_COMPLETED" />
14-->[androidx.work:work-runtime:2.7.1] AndroidManifest.xml:27:5-81
14-->[androidx.work:work-runtime:2.7.1] AndroidManifest.xml:27:22-78
15    <uses-permission android:name="android.permission.FOREGROUND_SERVICE" />
15-->[androidx.work:work-runtime:2.7.1] AndroidManifest.xml:28:5-77
15-->[androidx.work:work-runtime:2.7.1] AndroidManifest.xml:28:22-74
16
17    <permission
17-->[androidx.core:core:1.17.0] AndroidManifest.xml:22:5-24:47
18        android:name="com.example.relatoriomanutencao.DYNAMIC_RECEIVER_NOT_EXPORTED_PERMISSION"
18-->[androidx.core:core:1.17.0] AndroidManifest.xml:23:9-81
19        android:protectionLevel="signature" />
19-->[androidx.core:core:1.17.0] AndroidManifest.xml:24:9-44
20
21    <uses-permission android:name="com.example.relatoriomanutencao.DYNAMIC_RECEIVER_NOT_EXPORTED_PERMISSION" />
21-->[androidx.core:core:1.17.0] AndroidManifest.xml:26:5-97
21-->[androidx.core:core:1.17.0] AndroidManifest.xml:26:22-94
22
23    <application
23-->src\main\AndroidManifest.xml:8:5-41:19
24        android:name="com.example.relatoriomanutencao.RelatorioApplication"
24-->src\main\AndroidManifest.xml:9:9-45
25        android:allowBackup="true"
25-->src\main\AndroidManifest.xml:10:9-35
26        android:appComponentFactory="androidx.core.app.CoreComponentFactory"
26-->[androidx.core:core:1.17.0] AndroidManifest.xml:28:18-86
27        android:dataExtractionRules="@xml/data_extraction_rules"
27-->src\main\AndroidManifest.xml:11:9-65
28        android:enableOnBackInvokedCallback="true"
28-->src\main\AndroidManifest.xml:18:9-51
29        android:extractNativeLibs="false"
30        android:fullBackupContent="@xml/backup_rules"
30-->src\main\AndroidManifest.xml:12:9-54
31        android:icon="@mipmap/ic_launcher"
31-->src\main\AndroidManifest.xml:13:9-43
32        android:label="@string/app_name"
32-->src\main\AndroidManifest.xml:14:9-41
33        android:supportsRtl="true"
33-->src\main\AndroidManifest.xml:15:9-35
34        android:theme="@style/Theme.RelatorioManutencao"
34-->src\main\AndroidManifest.xml:16:9-57
35        android:usesCleartextTraffic="true" >
35-->src\main\AndroidManifest.xml:17:9-44
36        <provider
37            android:name="androidx.core.content.FileProvider"
37-->src\main\AndroidManifest.xml:22:13-62
38            android:authorities="com.example.relatoriomanutencao.provider"
38-->src\main\AndroidManifest.xml:23:13-60
39            android:exported="false"
39-->src\main\AndroidManifest.xml:24:13-37
40            android:grantUriPermissions="true" >
40-->src\main\AndroidManifest.xml:25:13-47
41            <meta-data
41-->src\main\AndroidManifest.xml:26:13-28:58
42                android:name="android.support.FILE_PROVIDER_PATHS"
42-->src\main\AndroidManifest.xml:27:17-67
43                android:resource="@xml/provider_paths" />
43-->src\main\AndroidManifest.xml:28:17-55
44        </provider>
45
46        <activity
46-->src\main\AndroidManifest.xml:31:9-40:20
47            android:name="com.example.relatoriomanutencao.MainActivity"
47-->src\main\AndroidManifest.xml:32:13-41
48            android:exported="true"
48-->src\main\AndroidManifest.xml:33:13-36
49            android:theme="@style/Theme.RelatorioManutencao" >
49-->src\main\AndroidManifest.xml:34:13-61
50            <intent-filter>
50-->src\main\AndroidManifest.xml:35:13-39:29
51                <action android:name="android.intent.action.MAIN" />
51-->src\main\AndroidManifest.xml:36:17-69
51-->src\main\AndroidManifest.xml:36:25-66
52
53                <category android:name="android.intent.category.LAUNCHER" />
53-->src\main\AndroidManifest.xml:38:17-77
53-->src\main\AndroidManifest.xml:38:27-74
54            </intent-filter>
55        </activity>
56        <activity
56-->[com.google.android.gms:play-services-auth:21.5.0] AndroidManifest.xml:23:9-27:75
57            android:name="com.google.android.gms.auth.api.signin.internal.SignInHubActivity"
57-->[com.google.android.gms:play-services-auth:21.5.0] AndroidManifest.xml:24:13-93
58            android:excludeFromRecents="true"
58-->[com.google.android.gms:play-services-auth:21.5.0] AndroidManifest.xml:25:13-46
59            android:exported="false"
59-->[com.google.android.gms:play-services-auth:21.5.0] AndroidManifest.xml:26:13-37
60            android:theme="@android:style/Theme.Translucent.NoTitleBar" />
60-->[com.google.android.gms:play-services-auth:21.5.0] AndroidManifest.xml:27:13-72
61        <!--
62            Service handling Google Sign-In user revocation. For apps that do not integrate with
63            Google Sign-In, this service will never be started.
64        -->
65        <service
65-->[com.google.android.gms:play-services-auth:21.5.0] AndroidManifest.xml:33:9-37:51
66            android:name="com.google.android.gms.auth.api.signin.RevocationBoundService"
66-->[com.google.android.gms:play-services-auth:21.5.0] AndroidManifest.xml:34:13-89
67            android:exported="true"
67-->[com.google.android.gms:play-services-auth:21.5.0] AndroidManifest.xml:35:13-36
68            android:permission="com.google.android.gms.auth.api.signin.permission.REVOCATION_NOTIFICATION"
68-->[com.google.android.gms:play-services-auth:21.5.0] AndroidManifest.xml:36:13-107
69            android:visibleToInstantApps="true" />
69-->[com.google.android.gms:play-services-auth:21.5.0] AndroidManifest.xml:37:13-48
70
71        <activity
71-->[com.google.android.gms:play-services-base:18.5.0] AndroidManifest.xml:5:9-173
72            android:name="com.google.android.gms.common.api.GoogleApiActivity"
72-->[com.google.android.gms:play-services-base:18.5.0] AndroidManifest.xml:5:19-85
73            android:exported="false"
73-->[com.google.android.gms:play-services-base:18.5.0] AndroidManifest.xml:5:146-170
74            android:theme="@android:style/Theme.Translucent.NoTitleBar" />
74-->[com.google.android.gms:play-services-base:18.5.0] AndroidManifest.xml:5:86-145
75
76        <meta-data
76-->[com.google.android.gms:play-services-basement:18.9.0] AndroidManifest.xml:21:9-23:69
77            android:name="com.google.android.gms.version"
77-->[com.google.android.gms:play-services-basement:18.9.0] AndroidManifest.xml:22:13-58
78            android:value="@integer/google_play_services_version" />
78-->[com.google.android.gms:play-services-basement:18.9.0] AndroidManifest.xml:23:13-66
79
80        <activity
80-->[com.cloudinary:cloudinary-android-ui:2.5.0] AndroidManifest.xml:10:9-13:56
81            android:name="com.cloudinary.android.uploadwidget.ui.UploadWidgetActivity"
81-->[com.cloudinary:cloudinary-android-ui:2.5.0] AndroidManifest.xml:11:13-87
82            android:configChanges="orientation"
82-->[com.cloudinary:cloudinary-android-ui:2.5.0] AndroidManifest.xml:12:13-48
83            android:theme="@style/UploadWidgetTheme" />
83-->[com.cloudinary:cloudinary-android-ui:2.5.0] AndroidManifest.xml:13:13-53
84
85        <provider
85-->[androidx.work:work-runtime:2.7.1] AndroidManifest.xml:31:9-39:20
86            android:name="androidx.startup.InitializationProvider"
86-->[androidx.work:work-runtime:2.7.1] AndroidManifest.xml:32:13-67
87            android:authorities="com.example.relatoriomanutencao.androidx-startup"
87-->[androidx.work:work-runtime:2.7.1] AndroidManifest.xml:33:13-68
88            android:exported="false" >
88-->[androidx.work:work-runtime:2.7.1] AndroidManifest.xml:34:13-37
89            <meta-data
89-->[androidx.work:work-runtime:2.7.1] AndroidManifest.xml:36:13-38:52
90                android:name="androidx.work.WorkManagerInitializer"
90-->[androidx.work:work-runtime:2.7.1] AndroidManifest.xml:37:17-68
91                android:value="androidx.startup" />
91-->[androidx.work:work-runtime:2.7.1] AndroidManifest.xml:38:17-49
92            <meta-data
92-->[androidx.emoji2:emoji2:1.4.0] AndroidManifest.xml:29:13-31:52
93                android:name="androidx.emoji2.text.EmojiCompatInitializer"
93-->[androidx.emoji2:emoji2:1.4.0] AndroidManifest.xml:30:17-75
94                android:value="androidx.startup" />
94-->[androidx.emoji2:emoji2:1.4.0] AndroidManifest.xml:31:17-49
95            <meta-data
95-->[androidx.lifecycle:lifecycle-process:2.10.0] AndroidManifest.xml:29:13-31:52
96                android:name="androidx.lifecycle.ProcessLifecycleInitializer"
96-->[androidx.lifecycle:lifecycle-process:2.10.0] AndroidManifest.xml:30:17-78
97                android:value="androidx.startup" />
97-->[androidx.lifecycle:lifecycle-process:2.10.0] AndroidManifest.xml:31:17-49
98            <meta-data
98-->[androidx.profileinstaller:profileinstaller:1.4.0] AndroidManifest.xml:29:13-31:52
99                android:name="androidx.profileinstaller.ProfileInstallerInitializer"
99-->[androidx.profileinstaller:profileinstaller:1.4.0] AndroidManifest.xml:30:17-85
100                android:value="androidx.startup" />
100-->[androidx.profileinstaller:profileinstaller:1.4.0] AndroidManifest.xml:31:17-49
101        </provider>
102
103        <service
103-->[androidx.work:work-runtime:2.7.1] AndroidManifest.xml:41:9-46:35
104            android:name="androidx.work.impl.background.systemalarm.SystemAlarmService"
104-->[androidx.work:work-runtime:2.7.1] AndroidManifest.xml:42:13-88
105            android:directBootAware="false"
105-->[androidx.work:work-runtime:2.7.1] AndroidManifest.xml:43:13-44
106            android:enabled="@bool/enable_system_alarm_service_default"
106-->[androidx.work:work-runtime:2.7.1] AndroidManifest.xml:44:13-72
107            android:exported="false" />
107-->[androidx.work:work-runtime:2.7.1] AndroidManifest.xml:45:13-37
108        <service
108-->[androidx.work:work-runtime:2.7.1] AndroidManifest.xml:47:9-53:35
109            android:name="androidx.work.impl.background.systemjob.SystemJobService"
109-->[androidx.work:work-runtime:2.7.1] AndroidManifest.xml:48:13-84
110            android:directBootAware="false"
110-->[androidx.work:work-runtime:2.7.1] AndroidManifest.xml:49:13-44
111            android:enabled="@bool/enable_system_job_service_default"
111-->[androidx.work:work-runtime:2.7.1] AndroidManifest.xml:50:13-70
112            android:exported="true"
112-->[androidx.work:work-runtime:2.7.1] AndroidManifest.xml:51:13-36
113            android:permission="android.permission.BIND_JOB_SERVICE" />
113-->[androidx.work:work-runtime:2.7.1] AndroidManifest.xml:52:13-69
114        <service
114-->[androidx.work:work-runtime:2.7.1] AndroidManifest.xml:54:9-59:35
115            android:name="androidx.work.impl.foreground.SystemForegroundService"
115-->[androidx.work:work-runtime:2.7.1] AndroidManifest.xml:55:13-81
116            android:directBootAware="false"
116-->[androidx.work:work-runtime:2.7.1] AndroidManifest.xml:56:13-44
117            android:enabled="@bool/enable_system_foreground_service_default"
117-->[androidx.work:work-runtime:2.7.1] AndroidManifest.xml:57:13-77
118            android:exported="false" />
118-->[androidx.work:work-runtime:2.7.1] AndroidManifest.xml:58:13-37
119
120        <receiver
120-->[androidx.work:work-runtime:2.7.1] AndroidManifest.xml:61:9-66:35
121            android:name="androidx.work.impl.utils.ForceStopRunnable$BroadcastReceiver"
121-->[androidx.work:work-runtime:2.7.1] AndroidManifest.xml:62:13-88
122            android:directBootAware="false"
122-->[androidx.work:work-runtime:2.7.1] AndroidManifest.xml:63:13-44
123            android:enabled="true"
123-->[androidx.work:work-runtime:2.7.1] AndroidManifest.xml:64:13-35
124            android:exported="false" />
124-->[androidx.work:work-runtime:2.7.1] AndroidManifest.xml:65:13-37
125        <receiver
125-->[androidx.work:work-runtime:2.7.1] AndroidManifest.xml:67:9-77:20
126            android:name="androidx.work.impl.background.systemalarm.ConstraintProxy$BatteryChargingProxy"
126-->[androidx.work:work-runtime:2.7.1] AndroidManifest.xml:68:13-106
127            android:directBootAware="false"
127-->[androidx.work:work-runtime:2.7.1] AndroidManifest.xml:69:13-44
128            android:enabled="false"
128-->[androidx.work:work-runtime:2.7.1] AndroidManifest.xml:70:13-36
129            android:exported="false" >
129-->[androidx.work:work-runtime:2.7.1] AndroidManifest.xml:71:13-37
130            <intent-filter>
130-->[androidx.work:work-runtime:2.7.1] AndroidManifest.xml:73:13-76:29
131                <action android:name="android.intent.action.ACTION_POWER_CONNECTED" />
131-->[androidx.work:work-runtime:2.7.1] AndroidManifest.xml:74:17-87
131-->[androidx.work:work-runtime:2.7.1] AndroidManifest.xml:74:25-84
132                <action android:name="android.intent.action.ACTION_POWER_DISCONNECTED" />
132-->[androidx.work:work-runtime:2.7.1] AndroidManifest.xml:75:17-90
132-->[androidx.work:work-runtime:2.7.1] AndroidManifest.xml:75:25-87
133            </intent-filter>
134        </receiver>
135        <receiver
135-->[androidx.work:work-runtime:2.7.1] AndroidManifest.xml:78:9-88:20
136            android:name="androidx.work.impl.background.systemalarm.ConstraintProxy$BatteryNotLowProxy"
136-->[androidx.work:work-runtime:2.7.1] AndroidManifest.xml:79:13-104
137            android:directBootAware="false"
137-->[androidx.work:work-runtime:2.7.1] AndroidManifest.xml:80:13-44
138            android:enabled="false"
138-->[androidx.work:work-runtime:2.7.1] AndroidManifest.xml:81:13-36
139            android:exported="false" >
139-->[androidx.work:work-runtime:2.7.1] AndroidManifest.xml:82:13-37
140            <intent-filter>
140-->[androidx.work:work-runtime:2.7.1] AndroidManifest.xml:84:13-87:29
141                <action android:name="android.intent.action.BATTERY_OKAY" />
141-->[androidx.work:work-runtime:2.7.1] AndroidManifest.xml:85:17-77
141-->[androidx.work:work-runtime:2.7.1] AndroidManifest.xml:85:25-74
142                <action android:name="android.intent.action.BATTERY_LOW" />
142-->[androidx.work:work-runtime:2.7.1] AndroidManifest.xml:86:17-76
142-->[androidx.work:work-runtime:2.7.1] AndroidManifest.xml:86:25-73
143            </intent-filter>
144        </receiver>
145        <receiver
145-->[androidx.work:work-runtime:2.7.1] AndroidManifest.xml:89:9-99:20
146            android:name="androidx.work.impl.background.systemalarm.ConstraintProxy$StorageNotLowProxy"
146-->[androidx.work:work-runtime:2.7.1] AndroidManifest.xml:90:13-104
147            android:directBootAware="false"
147-->[androidx.work:work-runtime:2.7.1] AndroidManifest.xml:91:13-44
148            android:enabled="false"
148-->[androidx.work:work-runtime:2.7.1] AndroidManifest.xml:92:13-36
149            android:exported="false" >
149-->[androidx.work:work-runtime:2.7.1] AndroidManifest.xml:93:13-37
150            <intent-filter>
150-->[androidx.work:work-runtime:2.7.1] AndroidManifest.xml:95:13-98:29
151                <action android:name="android.intent.action.DEVICE_STORAGE_LOW" />
151-->[androidx.work:work-runtime:2.7.1] AndroidManifest.xml:96:17-83
151-->[androidx.work:work-runtime:2.7.1] AndroidManifest.xml:96:25-80
152                <action android:name="android.intent.action.DEVICE_STORAGE_OK" />
152-->[androidx.work:work-runtime:2.7.1] AndroidManifest.xml:97:17-82
152-->[androidx.work:work-runtime:2.7.1] AndroidManifest.xml:97:25-79
153            </intent-filter>
154        </receiver>
155        <receiver
155-->[androidx.work:work-runtime:2.7.1] AndroidManifest.xml:100:9-109:20
156            android:name="androidx.work.impl.background.systemalarm.ConstraintProxy$NetworkStateProxy"
156-->[androidx.work:work-runtime:2.7.1] AndroidManifest.xml:101:13-103
157            android:directBootAware="false"
157-->[androidx.work:work-runtime:2.7.1] AndroidManifest.xml:102:13-44
158            android:enabled="false"
158-->[androidx.work:work-runtime:2.7.1] AndroidManifest.xml:103:13-36
159            android:exported="false" >
159-->[androidx.work:work-runtime:2.7.1] AndroidManifest.xml:104:13-37
160            <intent-filter>
160-->[androidx.work:work-runtime:2.7.1] AndroidManifest.xml:106:13-108:29
161                <action android:name="android.net.conn.CONNECTIVITY_CHANGE" />
161-->[androidx.work:work-runtime:2.7.1] AndroidManifest.xml:107:17-79
161-->[androidx.work:work-runtime:2.7.1] AndroidManifest.xml:107:25-76
162            </intent-filter>
163        </receiver>
164        <receiver
164-->[androidx.work:work-runtime:2.7.1] AndroidManifest.xml:110:9-121:20
165            android:name="androidx.work.impl.background.systemalarm.RescheduleReceiver"
165-->[androidx.work:work-runtime:2.7.1] AndroidManifest.xml:111:13-88
166            android:directBootAware="false"
166-->[androidx.work:work-runtime:2.7.1] AndroidManifest.xml:112:13-44
167            android:enabled="false"
167-->[androidx.work:work-runtime:2.7.1] AndroidManifest.xml:113:13-36
168            android:exported="false" >
168-->[androidx.work:work-runtime:2.7.1] AndroidManifest.xml:114:13-37
169            <intent-filter>
169-->[androidx.work:work-runtime:2.7.1] AndroidManifest.xml:116:13-120:29
170                <action android:name="android.intent.action.BOOT_COMPLETED" />
170-->[androidx.work:work-runtime:2.7.1] AndroidManifest.xml:117:17-79
170-->[androidx.work:work-runtime:2.7.1] AndroidManifest.xml:117:25-76
171                <action android:name="android.intent.action.TIME_SET" />
171-->[androidx.work:work-runtime:2.7.1] AndroidManifest.xml:118:17-73
171-->[androidx.work:work-runtime:2.7.1] AndroidManifest.xml:118:25-70
172                <action android:name="android.intent.action.TIMEZONE_CHANGED" />
172-->[androidx.work:work-runtime:2.7.1] AndroidManifest.xml:119:17-81
172-->[androidx.work:work-runtime:2.7.1] AndroidManifest.xml:119:25-78
173            </intent-filter>
174        </receiver>
175        <receiver
175-->[androidx.work:work-runtime:2.7.1] AndroidManifest.xml:122:9-131:20
176            android:name="androidx.work.impl.background.systemalarm.ConstraintProxyUpdateReceiver"
176-->[androidx.work:work-runtime:2.7.1] AndroidManifest.xml:123:13-99
177            android:directBootAware="false"
177-->[androidx.work:work-runtime:2.7.1] AndroidManifest.xml:124:13-44
178            android:enabled="@bool/enable_system_alarm_service_default"
178-->[androidx.work:work-runtime:2.7.1] AndroidManifest.xml:125:13-72
179            android:exported="false" >
179-->[androidx.work:work-runtime:2.7.1] AndroidManifest.xml:126:13-37
180            <intent-filter>
180-->[androidx.work:work-runtime:2.7.1] AndroidManifest.xml:128:13-130:29
181                <action android:name="androidx.work.impl.background.systemalarm.UpdateProxies" />
181-->[androidx.work:work-runtime:2.7.1] AndroidManifest.xml:129:17-98
181-->[androidx.work:work-runtime:2.7.1] AndroidManifest.xml:129:25-95
182            </intent-filter>
183        </receiver>
184        <receiver
184-->[androidx.work:work-runtime:2.7.1] AndroidManifest.xml:132:9-142:20
185            android:name="androidx.work.impl.diagnostics.DiagnosticsReceiver"
185-->[androidx.work:work-runtime:2.7.1] AndroidManifest.xml:133:13-78
186            android:directBootAware="false"
186-->[androidx.work:work-runtime:2.7.1] AndroidManifest.xml:134:13-44
187            android:enabled="true"
187-->[androidx.work:work-runtime:2.7.1] AndroidManifest.xml:135:13-35
188            android:exported="true"
188-->[androidx.work:work-runtime:2.7.1] AndroidManifest.xml:136:13-36
189            android:permission="android.permission.DUMP" >
189-->[androidx.work:work-runtime:2.7.1] AndroidManifest.xml:137:13-57
190            <intent-filter>
190-->[androidx.work:work-runtime:2.7.1] AndroidManifest.xml:139:13-141:29
191                <action android:name="androidx.work.diagnostics.REQUEST_DIAGNOSTICS" />
191-->[androidx.work:work-runtime:2.7.1] AndroidManifest.xml:140:17-88
191-->[androidx.work:work-runtime:2.7.1] AndroidManifest.xml:140:25-85
192            </intent-filter>
193        </receiver>
194
195        <uses-library
195-->[androidx.window:window:1.5.0] AndroidManifest.xml:23:9-25:40
196            android:name="androidx.window.extensions"
196-->[androidx.window:window:1.5.0] AndroidManifest.xml:24:13-54
197            android:required="false" />
197-->[androidx.window:window:1.5.0] AndroidManifest.xml:25:13-37
198        <uses-library
198-->[androidx.window:window:1.5.0] AndroidManifest.xml:26:9-28:40
199            android:name="androidx.window.sidecar"
199-->[androidx.window:window:1.5.0] AndroidManifest.xml:27:13-51
200            android:required="false" />
200-->[androidx.window:window:1.5.0] AndroidManifest.xml:28:13-37
201
202        <service
202-->[androidx.room:room-runtime-android:2.8.4] AndroidManifest.xml:24:9-28:63
203            android:name="androidx.room.MultiInstanceInvalidationService"
203-->[androidx.room:room-runtime-android:2.8.4] AndroidManifest.xml:25:13-74
204            android:directBootAware="true"
204-->[androidx.room:room-runtime-android:2.8.4] AndroidManifest.xml:26:13-43
205            android:exported="false" />
205-->[androidx.room:room-runtime-android:2.8.4] AndroidManifest.xml:27:13-37
206
207        <receiver
207-->[androidx.profileinstaller:profileinstaller:1.4.0] AndroidManifest.xml:34:9-52:20
208            android:name="androidx.profileinstaller.ProfileInstallReceiver"
208-->[androidx.profileinstaller:profileinstaller:1.4.0] AndroidManifest.xml:35:13-76
209            android:directBootAware="false"
209-->[androidx.profileinstaller:profileinstaller:1.4.0] AndroidManifest.xml:36:13-44
210            android:enabled="true"
210-->[androidx.profileinstaller:profileinstaller:1.4.0] AndroidManifest.xml:37:13-35
211            android:exported="true"
211-->[androidx.profileinstaller:profileinstaller:1.4.0] AndroidManifest.xml:38:13-36
212            android:permission="android.permission.DUMP" >
212-->[androidx.profileinstaller:profileinstaller:1.4.0] AndroidManifest.xml:39:13-57
213            <intent-filter>
213-->[androidx.profileinstaller:profileinstaller:1.4.0] AndroidManifest.xml:40:13-42:29
214                <action android:name="androidx.profileinstaller.action.INSTALL_PROFILE" />
214-->[androidx.profileinstaller:profileinstaller:1.4.0] AndroidManifest.xml:41:17-91
214-->[androidx.profileinstaller:profileinstaller:1.4.0] AndroidManifest.xml:41:25-88
215            </intent-filter>
216            <intent-filter>
216-->[androidx.profileinstaller:profileinstaller:1.4.0] AndroidManifest.xml:43:13-45:29
217                <action android:name="androidx.profileinstaller.action.SKIP_FILE" />
217-->[androidx.profileinstaller:profileinstaller:1.4.0] AndroidManifest.xml:44:17-85
217-->[androidx.profileinstaller:profileinstaller:1.4.0] AndroidManifest.xml:44:25-82
218            </intent-filter>
219            <intent-filter>
219-->[androidx.profileinstaller:profileinstaller:1.4.0] AndroidManifest.xml:46:13-48:29
220                <action android:name="androidx.profileinstaller.action.SAVE_PROFILE" />
220-->[androidx.profileinstaller:profileinstaller:1.4.0] AndroidManifest.xml:47:17-88
220-->[androidx.profileinstaller:profileinstaller:1.4.0] AndroidManifest.xml:47:25-85
221            </intent-filter>
222            <intent-filter>
222-->[androidx.profileinstaller:profileinstaller:1.4.0] AndroidManifest.xml:49:13-51:29
223                <action android:name="androidx.profileinstaller.action.BENCHMARK_OPERATION" />
223-->[androidx.profileinstaller:profileinstaller:1.4.0] AndroidManifest.xml:50:17-95
223-->[androidx.profileinstaller:profileinstaller:1.4.0] AndroidManifest.xml:50:25-92
224            </intent-filter>
225        </receiver>
226    </application>
227
228</manifest>